0 info it worked if it ends with ok
1 verbose cli [ '/usr/bin/nodejs', '/usr/bin/npm', 'publish' ]
2 info using npm@3.10.10
3 info using node@v7.3.0
4 verbose publish [ '.' ]
5 silly cache add args [ '.', null ]
6 verbose cache add spec .
7 silly cache add parsed spec Result {
7 silly cache add   raw: '.',
7 silly cache add   scope: null,
7 silly cache add   escapedName: null,
7 silly cache add   name: null,
7 silly cache add   rawSpec: '.',
7 silly cache add   spec: '/home/russell/code/formatron',
7 silly cache add   type: 'directory' }
8 verbose addLocalDirectory /home/russell/.npm/formatron/0.0.5/package.tgz not in flight; packing
9 verbose correctMkdir /home/russell/.npm correctMkdir not in flight; initializing
10 info lifecycle formatron@0.0.5~prepublish: formatron@0.0.5
11 silly lifecycle formatron@0.0.5~prepublish: no script for prepublish, continuing
12 verbose tar pack [ '/home/russell/.npm/formatron/0.0.5/package.tgz',
12 verbose tar pack   '/home/russell/code/formatron' ]
13 verbose tarball /home/russell/.npm/formatron/0.0.5/package.tgz
14 verbose folder /home/russell/code/formatron
15 verbose addLocalTarball adding from inside cache /home/russell/.npm/formatron/0.0.5/package.tgz
16 verbose correctMkdir /home/russell/.npm correctMkdir not in flight; initializing
17 silly cache afterAdd formatron@0.0.5
18 verbose afterAdd /home/russell/.npm/formatron/0.0.5/package/package.json not in flight; writing
19 verbose correctMkdir /home/russell/.npm correctMkdir not in flight; initializing
20 verbose afterAdd /home/russell/.npm/formatron/0.0.5/package/package.json written
21 silly publish { name: 'formatron',
21 silly publish   version: '0.0.5',
21 silly publish   description: 'A library that generates forms based on JSON schema.',
21 silly publish   main: './dist/main.js',
21 silly publish   scripts:
21 silly publish    { test: 'echo "Error: no test specified" && exit 1',
21 silly publish      start: 'webpack-dev-server --env.dev --hot --inline --content-base example/ --port 8080',
21 silly publish      build: 'webpack --env.prod' },
21 silly publish   author: { name: 'Andrew Russell' },
21 silly publish   license: 'MIT',
21 silly publish   dependencies:
21 silly publish    { classnames: '^2.2.5',
21 silly publish      'google-libphonenumber': '^1.0.27',
21 silly publish      immutable: '^3.8.1',
21 silly publish      moment: '^2.14.1',
21 silly publish      'react-currency-input': '^1.0.4',
21 silly publish      'react-date-picker': '^5.3.27',
21 silly publish      'react-dropzone': '^3.9.2',
21 silly publish      'react-immutable-proptypes': '^2.1.0',
21 silly publish      'react-maskedinput': '^3.2.4',
21 silly publish      'react-rte': '^0.11.0',
21 silly publish      'react-select': '^1.0.0-rc.1',
21 silly publish      'react-tabs': '^0.7.0' },
21 silly publish   peerDependencies: { react: '^15.0.0' },
21 silly publish   devDependencies:
21 silly publish    { 'babel-core': '^6.18.0',
21 silly publish      'babel-generator': '^6.11.0',
21 silly publish      'babel-loader': '^6.2.7',
21 silly publish      'babel-plugin-react-require': '^3.0.0',
21 silly publish      'babel-polyfill': '^6.16.0',
21 silly publish      'babel-preset-es2015': '^6.18.0',
21 silly publish      'babel-preset-react': '^6.5.0',
21 silly publish      'babel-preset-stage-2': '^6.5.0',
21 silly publish      'babel-root-import': '^4.1.8',
21 silly publish      'css-loader': '^0.27.3',
21 silly publish      'file-loader': '^0.10.1',
21 silly publish      'html-webpack-plugin': '^2.28.0',
21 silly publish      'node-sass': '^4.1.1',
21 silly publish      react: '^15.3.2',
21 silly publish      'react-dom': '^15.3.2',
21 silly publish      'react-hot-loader': '^1.3.1',
21 silly publish      'sass-loader': '^6.0.3',
21 silly publish      'style-loader': '^0.15.0',
21 silly publish      'url-loader': '^0.5.8',
21 silly publish      webpack: '^2.2.1',
21 silly publish      'webpack-dev-server': '^2.4.2' },
21 silly publish   readme: '# formatron\nA library that generates and validates HTML forms given a JSON schema.\n\nThis is still being setup. Please check back shortly!!\n\n## Run Demo\n\n```\n$ npm install\n$ npm start\n```\n\nThen navigate to http://localhost:8080/ in your browser and you should be able to see formatron in action.\n',
21 silly publish   readmeFilename: 'README.md',
21 silly publish   gitHead: '741ec0c330d93418b128b1894a1d70830c0462b6',
21 silly publish   _id: 'formatron@0.0.5',
21 silly publish   _shasum: 'f507e31cb057e2bc27083b85371e8a53f0091ee1',
21 silly publish   _from: '.' }
22 verbose getPublishConfig undefined
23 silly mapToRegistry name formatron
24 silly mapToRegistry using default registry
25 silly mapToRegistry registry https://registry.npmjs.org/
26 silly mapToRegistry data Result {
26 silly mapToRegistry   raw: 'formatron',
26 silly mapToRegistry   scope: null,
26 silly mapToRegistry   escapedName: 'formatron',
26 silly mapToRegistry   name: 'formatron',
26 silly mapToRegistry   rawSpec: '',
26 silly mapToRegistry   spec: 'latest',
26 silly mapToRegistry   type: 'tag' }
27 silly mapToRegistry uri https://registry.npmjs.org/formatron
28 verbose publish registryBase https://registry.npmjs.org/
29 silly publish uploading /home/russell/.npm/formatron/0.0.5/package.tgz
30 verbose request uri https://registry.npmjs.org/formatron
31 verbose request sending authorization for write operation
32 info attempt registry request try #1 at 12:41:57 PM
33 verbose request using bearer token for auth
34 verbose request id d43d64d09caeaf04
35 http request PUT https://registry.npmjs.org/formatron
36 http 403 https://registry.npmjs.org/formatron
37 verbose headers { 'content-type': 'application/json',
37 verbose headers   'cache-control': 'max-age=300',
37 verbose headers   'content-length': '95',
37 verbose headers   'accept-ranges': 'bytes',
37 verbose headers   date: 'Thu, 30 Mar 2017 17:41:58 GMT',
37 verbose headers   via: '1.1 varnish',
37 verbose headers   connection: 'keep-alive',
37 verbose headers   'x-served-by': 'cache-yyz8332-YYZ',
37 verbose headers   'x-cache': 'MISS',
37 verbose headers   'x-cache-hits': '0',
37 verbose headers   'x-timer': 'S1490895718.103476,VS0,VE750',
37 verbose headers   vary: 'Accept-Encoding' }
38 verbose request invalidating /home/russell/.npm/registry.npmjs.org/formatron on PUT
39 error publish Failed PUT 403
40 verbose stack Error: "You cannot publish over the previously published version 0.0.5." : formatron
40 verbose stack     at makeError (/usr/lib/node_modules/npm/node_modules/npm-registry-client/lib/request.js:302:12)
40 verbose stack     at CachingRegistryClient.<anonymous> (/usr/lib/node_modules/npm/node_modules/npm-registry-client/lib/request.js:290:14)
40 verbose stack     at Request._callback (/usr/lib/node_modules/npm/node_modules/npm-registry-client/lib/request.js:210:14)
40 verbose stack     at Request.self.callback (/usr/lib/node_modules/npm/node_modules/request/request.js:187:22)
40 verbose stack     at emitTwo (events.js:106:13)
40 verbose stack     at Request.emit (events.js:191:7)
40 verbose stack     at Request.<anonymous> (/usr/lib/node_modules/npm/node_modules/request/request.js:1048:10)
40 verbose stack     at emitOne (events.js:96:13)
40 verbose stack     at Request.emit (events.js:188:7)
40 verbose stack     at IncomingMessage.<anonymous> (/usr/lib/node_modules/npm/node_modules/request/request.js:969:12)
41 verbose statusCode 403
42 verbose pkgid formatron
43 verbose cwd /home/russell/code/formatron
44 error Linux 4.4.0-43-Microsoft
45 error argv "/usr/bin/nodejs" "/usr/bin/npm" "publish"
46 error node v7.3.0
47 error npm  v3.10.10
48 error code E403
49 error "You cannot publish over the previously published version 0.0.5." : formatron
50 error If you need help, you may report this error at:
50 error     <https://github.com/npm/npm/issues>
51 verbose exit [ 1, true ]
